[0m[[0m[0mdebug[0m] [0m[0m> Exec(early(addDefaultCommands), None, None)[0m
[0m[[0m[0mdebug[0m] [0m[0m> Exec(addDefaultCommands, None, None)[0m
[0m[[0m[0mdebug[0m] [0m[0m> Exec(early(initialize), None, None)[0m
[0m[[0m[0mdebug[0m] [0m[0m> Exec(initialize, None, None)[0m
[0m[[0m[0mdebug[0m] [0m[0m> Exec(boot, None, None)[0m
[0m[[0m[0mdebug[0m] [0m[0m> Exec(writeSbtVersion, None, None)[0m
[0m[[0m[0mdebug[0m] [0m[0m> Exec(reload, None, None)[0m
[0m[[0m[0mdebug[0m] [0m[0m> Exec(sbtStashOnFailure, None, None)[0m
[0m[[0m[0mdebug[0m] [0m[0m> Exec(onFailure loadFailed, None, None)[0m
[0m[[0m[0mdebug[0m] [0m[0m> Exec(loadp, None, None)[0m
[0m[[0m[0minfo[0m] [0m[0mwelcome to sbt 1.4.6 (Ubuntu Java 11.0.10)[0m
[0m[[0m[0mdebug[0m] [0m[0m      Load.loadUnit: plugins took 90.873153ms[0m
[0m[[0m[0mdebug[0m] [0m[0m      Load.loadUnit: defsScala took 0.304027ms[0m
[0m[[0m[0mdebug[0m] [0m[0m[Loading] Scanning directory /home/bahwan/.sbt/1.0/plugins[0m
[0m[[0m[0mdebug[0m] [0m[0m        Load.loadUnit: mkEval took 6.101176ms[0m
[0m[[0m[0mdebug[0m] [0m[0m[Loading] Found non-root projects [0m
[0m[[0m[0mdebug[0m] [0m[0m[Loading] Done in /home/bahwan/.sbt/1.0/plugins, returning: ()[0m
[0m[[0m[0mdebug[0m] [0m[0mdeducing auto plugins based on known facts Set(Atom(sbt.plugins.CorePlugin)) and clauses Clauses(List(Clause(Atom(sbt.plugins.JvmPlugin),Set(Atom(sbt.plugins.IvyPlugin))), Clause(Atom(sbt.ScriptedPlugin),Set(Atom(sbt.plugins.JvmPlugin))), Clause(Atom(sbt.plugins.SbtPlugin),Set(Atom(sbt.ScriptedPlugin))), Clause(Atom(sbt.plugins.SemanticdbPlugin),Set(Atom(sbt.plugins.JvmPlugin))), Clause(Atom(sbt.plugins.JUnitXmlReportPlugin),Set(Atom(sbt.plugins.JvmPlugin))), Clause(Atom(sbt.plugins.MiniDependencyTreePlugin),Set(Atom(sbt.plugins.JvmPlugin))), Clause(Atom(sbt.plugins.CorePlugin),Set(Atom(sbt.plugins.IvyPlugin))), Clause(Atom(sbt.plugins.IvyPlugin),Set(Atom(sbt.plugins.JvmPlugin))), Clause(Atom(sbt.plugins.JvmPlugin),Set(Atom(sbt.plugins.SemanticdbPlugin))), Clause(Atom(sbt.plugins.JvmPlugin),Set(Atom(sbt.plugins.JUnitXmlReportPlugin))), Clause(Atom(sbt.plugins.CorePlugin),Set(Atom(sbt.plugins.Giter8TemplatePlugin))), Clause(Atom(sbt.plugins.JvmPlugin),Set(Atom(sbt.plugins.MiniDependencyTreePlugin)))))[0m
[0m[[0m[0mdebug[0m] [0m[0m  :: deduced result: Matched(sbt.plugins.CorePlugin,sbt.plugins.Giter8TemplatePlugin,sbt.plugins.IvyPlugin,sbt.plugins.JvmPlugin,sbt.plugins.MiniDependencyTreePlugin,sbt.plugins.JUnitXmlReportPlugin,sbt.plugins.SemanticdbPlugin)[0m
[0m[[0m[0mdebug[0m] [0m[0mPlugins.deducer#function took 20.744324 ms[0m
[0m[[0m[0minfo[0m] [0m[0mloading settings for project global-plugins from metals.sbt ...[0m
[0m[[0m[0mdebug[0m] [0m[0m          Load.resolveProject(global-plugins) took 46.636224ms[0m
[0m[[0m[0mdebug[0m] [0m[0m        Load.loadTransitive: finalizeProject(Project(id global-plugins, base: /home/bahwan/.sbt/1.0/plugins, plugins: List(<none>))) took 93.481902ms[0m
[0m[[0m[0mdebug[0m] [0m[0m[Loading] Done in /home/bahwan/.sbt/1.0/plugins, returning: (global-plugins)[0m
[0m[[0m[0mdebug[0m] [0m[0m      Load.loadUnit: loadedProjectsRaw took 204.715108ms[0m
[0m[[0m[0mdebug[0m] [0m[0m      Load.loadUnit: cleanEvalClasses took 4.955852ms[0m
[0m[[0m[0mdebug[0m] [0m[0m    Load.loadUnit(file:/home/bahwan/.sbt/1.0/plugins/, ...) took 308.812915ms[0m
[0m[[0m[0mdebug[0m] [0m[0m  Load.apply: load took 508.143533ms[0m
[0m[[0m[0mdebug[0m] [0m[0m  Load.apply: resolveProjects took 4.853602ms[0m
[0m[[0m[0mdebug[0m] [0m[0m  Load.apply: finalTransforms took 72.420119ms[0m
[0m[[0m[0mdebug[0m] [0m[0m  Load.apply: config.delegates took 7.589362ms[0m
[0m[[0m[0mdebug[0m] [0m[0m  Load.apply: Def.make(settings)... took 421.60369ms[0m
[0m[[0m[0mdebug[0m] [0m[0m  Load.apply: structureIndex took 124.594364ms[0m
[0m[[0m[0mdebug[0m] [0m[0m  Load.apply: mkStreams took 1.948149ms[0m
[0m[[0m[0minfo[0m] [0m[0mloading global plugins from /home/bahwan/.sbt/1.0/plugins[0m
[0m[[0m[0mdebug[0m] [0m[0mRunning task... Cancel: Signal, check cycles: false, forcegc: true[0m
[0m[[0m[0mdebug[0m] [0m[0mLoad.defaultLoad until apply took 2660.549037ms[0m
[0m[[0m[0mdebug[0m] [0m[0m          Load.loadUnit: plugins took 12.378826ms[0m
[0m[[0m[0mdebug[0m] [0m[0m          Load.loadUnit: defsScala took 0.003788ms[0m
[0m[[0m[0mdebug[0m] [0m[0m[Loading] Scanning directory /home/bahwan/code/shopping-cart/project[0m
[0m[[0m[0mdebug[0m] [0m[0m            Load.loadUnit: mkEval took 0.28524ms[0m
[0m[[0m[0mdebug[0m] [0m[0m[Loading] Found non-root projects [0m
[0m[[0m[0mdebug[0m] [0m[0m[Loading] Done in /home/bahwan/code/shopping-cart/project, returning: ()[0m
[0m[[0m[0mdebug[0m] [0m[0mdeducing auto plugins based on known facts Set(Atom(sbt.plugins.CorePlugin)) and clauses Clauses(List(Clause(Atom(sbt.plugins.JvmPlugin),Set(Atom(sbt.plugins.IvyPlugin))), Clause(Atom(sbt.ScriptedPlugin),Set(Atom(sbt.plugins.JvmPlugin))), Clause(Atom(sbt.plugins.SbtPlugin),Set(Atom(sbt.ScriptedPlugin))), Clause(Atom(sbt.plugins.SemanticdbPlugin),Set(Atom(sbt.plugins.JvmPlugin))), Clause(Atom(sbt.plugins.JUnitXmlReportPlugin),Set(Atom(sbt.plugins.JvmPlugin))), Clause(Atom(sbt.plugins.MiniDependencyTreePlugin),Set(Atom(sbt.plugins.JvmPlugin))), Clause(Atom(sbt.plugins.CorePlugin),Set(Atom(sbt.plugins.IvyPlugin))), Clause(Atom(sbt.plugins.IvyPlugin),Set(Atom(sbt.plugins.JvmPlugin))), Clause(Atom(sbt.plugins.JvmPlugin),Set(Atom(sbt.plugins.SemanticdbPlugin))), Clause(Atom(sbt.plugins.JvmPlugin),Set(Atom(sbt.plugins.JUnitXmlReportPlugin))), Clause(Atom(sbt.plugins.CorePlugin),Set(Atom(sbt.plugins.Giter8TemplatePlugin))), Clause(Atom(sbt.plugins.JvmPlugin),Set(Atom(sbt.plugins.MiniDependencyTreePlugin)))))[0m
[0m[[0m[0mdebug[0m] [0m[0m  :: deduced result: Matched(sbt.plugins.CorePlugin,sbt.plugins.Giter8TemplatePlugin,sbt.plugins.IvyPlugin,sbt.plugins.JvmPlugin,sbt.plugins.MiniDependencyTreePlugin,sbt.plugins.JUnitXmlReportPlugin,sbt.plugins.SemanticdbPlugin)[0m
[0m[[0m[0mdebug[0m] [0m[0mPlugins.deducer#function took 2.110902 ms[0m
[0m[[0m[0minfo[0m] [0m[0mloading settings for project shopping-cart-build from lightbend.sbt,plugins.sbt ...[0m
[0m[[0m[0mdebug[0m] [0m[0m              Load.resolveProject(shopping-cart-build) took 2.653121ms[0m
[0m[[0m[0mdebug[0m] [0m[0m            Load.loadTransitive: finalizeProject(Project(id shopping-cart-build, base: /home/bahwan/code/shopping-cart/project, plugins: List(<none>))) took 5.311887ms[0m
[0m[[0m[0mdebug[0m] [0m[0m[Loading] Done in /home/bahwan/code/shopping-cart/project, returning: (shopping-cart-build)[0m
[0m[[0m[0mdebug[0m] [0m[0m          Load.loadUnit: loadedProjectsRaw took 80.074912ms[0m
[0m[[0m[0mdebug[0m] [0m[0m          Load.loadUnit: cleanEvalClasses took 0.971503ms[0m
[0m[[0m[0mdebug[0m] [0m[0m        Load.loadUnit(file:/home/bahwan/code/shopping-cart/project/, ...) took 94.032057ms[0m
[0m[[0m[0mdebug[0m] [0m[0m      Load.apply: load took 95.119348ms[0m
[0m[[0m[0mdebug[0m] [0m[0m      Load.apply: resolveProjects took 0.110478ms[0m
[0m[[0m[0mdebug[0m] [0m[0m      Load.apply: finalTransforms took 12.629946ms[0m
[0m[[0m[0mdebug[0m] [0m[0m      Load.apply: config.delegates took 0.381082ms[0m
[0m[[0m[0mdebug[0m] [0m[0m      Load.apply: Def.make(settings)... took 93.717592ms[0m
[0m[[0m[0mdebug[0m] [0m[0m      Load.apply: structureIndex took 26.838301ms[0m
[0m[[0m[0mdebug[0m] [0m[0m      Load.apply: mkStreams took 0.002415ms[0m
[0m[[0m[0minfo[0m] [0m[0mloading project definition from /home/bahwan/code/shopping-cart/project[0m
[0m[[0m[0mdebug[0m] [0m[0mRunning task... Cancel: Signal, check cycles: false, forcegc: true[0m
[0m[[0m[0mdebug[0m] [0m[0m    Load.loadUnit: plugins took 645.139485ms[0m
[0m[[0m[0mdebug[0m] [0m[0m    Load.loadUnit: defsScala took 0.00405ms[0m
[0m[[0m[0mdebug[0m] [0m[0m[Loading] Scanning directory /home/bahwan/code/shopping-cart[0m
[0m[[0m[0mdebug[0m] [0m[0m      Load.loadUnit: mkEval took 0.168249ms[0m
[0m[[0m[0mdebug[0m] [0m[0m[Loading] Found non-root projects [0m
[0m[[0m[0mdebug[0m] [0m[0m[Loading] Done in /home/bahwan/code/shopping-cart, returning: ()[0m
[0m[[0m[0mdebug[0m] [0m[0mdeducing auto plugins based on known facts Set(Atom(sbt.plugins.CorePlugin), Atom(com.typesafe.sbt.packager.docker.DockerPlugin), Atom(akka.grpc.sbt.AkkaGrpcPlugin), Atom(com.typesafe.sbt.packager.archetypes.JavaAppPackaging), Atom(com.lightbend.cinnamon.sbt.CinnamonAgentOnly)) and clauses Clauses(List(Clause(Atom(sbt.plugins.JvmPlugin),Set(Atom(sbt.plugins.IvyPlugin))), Clause(Atom(sbt.ScriptedPlugin),Set(Atom(sbt.plugins.JvmPlugin))), Clause(Atom(sbt.plugins.SbtPlugin),Set(Atom(sbt.ScriptedPlugin))), Clause(Atom(sbt.plugins.SemanticdbPlugin),Set(Atom(sbt.plugins.JvmPlugin))), Clause(Atom(sbt.plugins.JUnitXmlReportPlugin),Set(Atom(sbt.plugins.JvmPlugin))), Clause(Atom(sbt.plugins.MiniDependencyTreePlugin),Set(Atom(sbt.plugins.JvmPlugin))), Clause(Atom(akka.grpc.sbt.AkkaGrpcPlugin),Set(Atom(sbtprotoc.ProtocPlugin))), Clause(Atom(org.scalafmt.sbt.ScalafmtPlugin),Set(Atom(sbt.plugins.JvmPlugin))), Clause(Atom(com.typesafe.sbt.SbtNativePackager),Set(Atom(sbt.plugins.JvmPlugin))), Clause(Atom(com.typesafe.sbt.packager.archetypes.JavaAppPackaging),Set(Atom(com.typesafe.sbt.packager.windows.WindowsPlugin))), Clause(Atom(com.typesafe.sbt.packager.archetypes.JavaAppPackaging),Set(Atom(com.typesafe.sbt.packager.debian.DebianPlugin))), Clause(Atom(com.typesafe.sbt.packager.archetypes.JavaAppPackaging),Set(Atom(com.typesafe.sbt.packager.rpm.RpmPlugin))), Clause(Atom(com.typesafe.sbt.packager.archetypes.scripts.AshScriptPlugin),Set(Atom(com.typesafe.sbt.packager.archetypes.scripts.BashStartScriptPlugin))), Clause(Atom(com.typesafe.sbt.packager.archetypes.systemloader.SystemVPlugin),Set(Atom(com.typesafe.sbt.packager.archetypes.systemloader.SystemloaderPlugin))), Clause(Atom(com.typesafe.sbt.packager.archetypes.systemloader.SystemdPlugin),Set(Atom(com.typesafe.sbt.packager.archetypes.systemloader.SystemloaderPlugin))), Clause(Atom(com.typesafe.sbt.packager.archetypes.systemloader.SystemloaderPlugin),Set(Atom(com.typesafe.sbt.packager.debian.DebianPlugin))), Clause(Atom(com.typesafe.sbt.packager.archetypes.systemloader.SystemloaderPlugin),Set(Atom(com.typesafe.sbt.packager.rpm.RpmPlugin))), Clause(Atom(com.typesafe.sbt.packager.archetypes.systemloader.UpstartPlugin),Set(Atom(com.typesafe.sbt.packager.archetypes.systemloader.SystemloaderPlugin))), Clause(Atom(com.typesafe.sbt.packager.debian.DebianDeployPlugin),Set(Atom(com.typesafe.sbt.packager.debian.DebianPlugin))), Clause(Atom(com.typesafe.sbt.packager.debian.DebianPlugin),Set(Atom(com.typesafe.sbt.packager.linux.LinuxPlugin))), Clause(Atom(com.typesafe.sbt.packager.debian.JDebPackaging),Set(Atom(com.typesafe.sbt.packager.debian.DebianPlugin))), Clause(Atom(com.typesafe.sbt.packager.docker.DockerPlugin),Set(Atom(com.typesafe.sbt.packager.universal.UniversalPlugin))), Clause(Atom(com.typesafe.sbt.packager.jdkpackager.JDKPackagerDeployPlugin),Set(Atom(com.typesafe.sbt.packager.jdkpackager.JDKPackagerPlugin))), Clause(Atom(com.typesafe.sbt.packager.jdkpackager.JDKPackagerPlugin),Set(Atom(com.typesafe.sbt.packager.archetypes.jar.LauncherJarPlugin))), Clause(Atom(com.typesafe.sbt.packager.linux.LinuxPlugin),Set(Atom(com.typesafe.sbt.packager.universal.UniversalPlugin))), Clause(Atom(com.typesafe.sbt.packager.rpm.RpmDeployPlugin),Set(Atom(com.typesafe.sbt.packager.rpm.RpmPlugin))), Clause(Atom(com.typesafe.sbt.packager.rpm.RpmPlugin),Set(Atom(com.typesafe.sbt.packager.linux.LinuxPlugin))), Clause(Atom(com.typesafe.sbt.packager.universal.UniversalDeployPlugin),Set(Atom(com.typesafe.sbt.packager.universal.UniversalPlugin))), Clause(Atom(com.typesafe.sbt.packager.universal.UniversalPlugin),Set(Atom(com.typesafe.sbt.SbtNativePackager))), Clause(Atom(com.typesafe.sbt.packager.windows.WindowsDeployPlugin),Set(Atom(com.typesafe.sbt.packager.windows.WindowsPlugin))), Clause(Atom(com.typesafe.sbt.packager.windows.WindowsPlugin),Set(Atom(com.typesafe.sbt.packager.universal.UniversalPlugin))), Clause(Atom(sbtdynver.DynVerPlugin),Set(Atom(sbt.plugins.JvmPlugin))), Clause(Atom(com.lightbend.cinnamon.sbt.CinnamonAgentOnly),Set(Atom(com.lightbend.sbt.javaagent.JavaAgent))), Clause(Atom(sbtprotoc.ProtocPlugin),Set(Atom(sbt.plugins.JvmPlugin))), Clause(Atom(com.lightbend.sbt.javaagent.JavaAgent),Set(Atom(sbt.plugins.JvmPlugin))), Clause(Atom(com.lightbend.sbt.javaagent.JavaAgentPackaging),Set(Atom(com.lightbend.sbt.javaagent.JavaAgent))), Clause(Atom(org.portablescala.sbtplatformdeps.PlatformDepsPlugin),Set(Atom(sbt.plugins.JvmPlugin))), Clause(Atom(sbt.plugins.CorePlugin),Set(Atom(sbt.plugins.IvyPlugin))), Clause(Atom(sbt.plugins.IvyPlugin),Set(Atom(sbt.plugins.JvmPlugin))), Clause(Atom(sbt.plugins.JvmPlugin),Set(Atom(sbt.plugins.SemanticdbPlugin))), Clause(Atom(sbt.plugins.JvmPlugin),Set(Atom(sbt.plugins.JUnitXmlReportPlugin))), Clause(Atom(sbt.plugins.CorePlugin),Set(Atom(sbt.plugins.Giter8TemplatePlugin))), Clause(Atom(sbt.plugins.JvmPlugin),Set(Atom(sbt.plugins.MiniDependencyTreePlugin))), Clause(Atom(sbt.plugins.JvmPlugin),Set(Atom(org.scalafmt.sbt.ScalafmtPlugin))), Clause(Atom(com.typesafe.sbt.packager.archetypes.JavaAppPackaging),Set(Atom(com.typesafe.sbt.packager.archetypes.scripts.BashStartScriptPlugin))), Clause(Atom(com.typesafe.sbt.packager.archetypes.JavaAppPackaging),Set(Atom(com.typesafe.sbt.packager.archetypes.scripts.BatStartScriptPlugin))), Clause(Atom(sbt.plugins.JvmPlugin),Set(Atom(sbtdynver.DynVerPlugin))), Clause(Atom(sbt.plugins.JvmPlugin),Set(Atom(sbtprotoc.ProtocPlugin))), Clause(And(Set(Atom(com.lightbend.sbt.javaagent.JavaAgent), Atom(com.typesafe.sbt.packager.archetypes.JavaAppPackaging))),Set(Atom(com.lightbend.sbt.javaagent.JavaAgentPackaging))), Clause(Atom(sbt.plugins.JvmPlugin),Set(Atom(org.portablescala.sbtplatformdeps.PlatformDepsPlugin)))))[0m
[0m[[0m[0mdebug[0m] [0m[0m  :: deduced result: Matched(com.lightbend.cinnamon.sbt.CinnamonAgentOnly,com.typesafe.sbt.packager.archetypes.JavaAppPackaging,akka.grpc.sbt.AkkaGrpcPlugin,com.typesafe.sbt.packager.docker.DockerPlugin,sbt.plugins.CorePlugin,com.typesafe.sbt.packager.rpm.RpmPlugin,com.typesafe.sbt.packager.archetypes.scripts.BashStartScriptPlugin,com.typesafe.sbt.packager.windows.WindowsPlugin,com.typesafe.sbt.packager.archetypes.scripts.BatStartScriptPlugin,sbtprotoc.ProtocPlugin,com.typesafe.sbt.packager.universal.UniversalPlugin,com.lightbend.sbt.javaagent.JavaAgent,sbt.plugins.IvyPlugin,sbt.plugins.Giter8TemplatePlugin,com.typesafe.sbt.packager.debian.DebianPlugin,com.lightbend.sbt.javaagent.JavaAgentPackaging,sbt.plugins.JvmPlugin,com.typesafe.sbt.SbtNativePackager,com.typesafe.sbt.packager.linux.LinuxPlugin,org.scalafmt.sbt.ScalafmtPlugin,org.portablescala.sbtplatformdeps.PlatformDepsPlugin,sbt.plugins.SemanticdbPlugin,sbt.plugins.JUnitXmlReportPlugin,sbtdynver.DynVerPlugin,sbt.plugins.MiniDependencyTreePlugin)[0m
[0m[[0m[0mdebug[0m] [0m[0mPlugins.deducer#function took 6.70655 ms[0m
[0m[[0m[0minfo[0m] [0m[0mloading settings for project shopping-cart from build.sbt,lightbend.sbt ...[0m
[0m[[0m[0mdebug[0m] [0m[0m        Load.resolveProject(shopping-cart) took 92.717804ms[0m
[0m[[0m[0mdebug[0m] [0m[0m      Load.loadTransitive: finalizeProject(Project(id shopping-cart, base: /home/bahwan/code/shopping-cart, plugins: List(<none>))) took 101.676126ms[0m
[0m[[0m[0mdebug[0m] [0m[0m[Loading] Done in /home/bahwan/code/shopping-cart, returning: (shopping-cart)[0m
[0m[[0m[0mdebug[0m] [0m[0m    Load.loadUnit: loadedProjectsRaw took 222.698362ms[0m
[0m[[0m[0mdebug[0m] [0m[0m    Load.loadUnit: cleanEvalClasses took 2.393722ms[0m
[0m[[0m[0mdebug[0m] [0m[0m  Load.loadUnit(file:/home/bahwan/code/shopping-cart/, ...) took 870.794175ms[0m
[0m[[0m[0mdebug[0m] [0m[0mLoad.apply: load took 872.030657ms[0m
[0m[[0m[0mdebug[0m] [0m[0mLoad.apply: resolveProjects took 0.097053ms[0m
[0m[[0m[0mdebug[0m] [0m[0mLoad.apply: finalTransforms took 14.225229ms[0m
[0m[[0m[0mdebug[0m] [0m[0mLoad.apply: config.delegates took 0.957669ms[0m
[0m[[0m[0mdebug[0m] [0m[0mLoad.apply: Def.make(settings)... took 185.943225ms[0m
[0m[[0m[0mdebug[0m] [0m[0mLoad.apply: structureIndex took 47.88762ms[0m
[0m[[0m[0mdebug[0m] [0m[0mLoad.apply: mkStreams took 0.003211ms[0m
[0m[[0m[0minfo[0m] [0m[0mset current project to shopping-cart-service (in build file:/home/bahwan/code/shopping-cart/)[0m
[0m[[0m[0mdebug[0m] [0m[0m> Exec(sbtPopOnFailure, None, None)[0m
[0m[[0m[0mdebug[0m] [0m[0m> Exec(resumeFromFailure, None, None)[0m
[0m[[0m[0mdebug[0m] [0m[0m> Exec(notifyUsersAboutShell, None, None)[0m
[0m[[0m[0mdebug[0m] [0m[0m> Exec(iflast shell, None, None)[0m
[0m[[0m[0mdebug[0m] [0m[0m> Exec(run, None, None)[0m
[0m[[0m[0mdebug[0m] [0m[0mEvaluating tasks: Compile / run[0m
[0m[[0m[0mdebug[0m] [0m[0mRunning task... Cancel: Null, check cycles: false, forcegc: true[0m
[0m[[0m[33mwarn[0m] [0m[0mThere may be incompatibilities among your library dependencies; run 'evicted' to see detailed eviction warnings.[0m
[0m[[0m[0minfo[0m] [0m[0mcompiling 1 Scala source to /home/bahwan/code/shopping-cart/target/scala-2.13/classes ...[0m
[0m[[0m[33mwarn[0m] [0m[0m/home/bahwan/code/shopping-cart/src/main/scala/shopping/cart/StreamItemPopularityServiceImpl.scala:6:29: Unused import[0m
[0m[[0m[33mwarn[0m] [0m[0mimport shopping.cart.proto.{Cart, ItemPopularity, ListItemPopularity, StreamPopularityService, TickerSymbol}[0m
[0m[[0m[33mwarn[0m] [0m[0m                            ^[0m
[0m[[0m[33mwarn[0m] [0m[0m/home/bahwan/code/shopping-cart/src/main/scala/shopping/cart/StreamItemPopularityServiceImpl.scala:6:35: Unused import[0m
[0m[[0m[33mwarn[0m] [0m[0mimport shopping.cart.proto.{Cart, ItemPopularity, ListItemPopularity, StreamPopularityService, TickerSymbol}[0m
[0m[[0m[33mwarn[0m] [0m[0m                                  ^[0m
[0m[[0m[33mwarn[0m] [0m[0m/home/bahwan/code/shopping-cart/src/main/scala/shopping/cart/StreamItemPopularityServiceImpl.scala:7:84: Unused import[0m
[0m[[0m[33mwarn[0m] [0m[0mimport shopping.cart.repository.{ItemPopularityRepositoryImpl, ScalikeJdbcSession, ShoppingCartServiceImpl}[0m
[0m[[0m[33mwarn[0m] [0m[0m                                                                                   ^[0m
[0m[[0m[33mwarn[0m] [0m[0m/home/bahwan/code/shopping-cart/src/main/scala/shopping/cart/StreamItemPopularityServiceImpl.scala:10:34: Unused import[0m
[0m[[0m[33mwarn[0m] [0m[0mimport scala.concurrent.duration.DurationInt[0m
[0m[[0m[33mwarn[0m] [0m[0m                                 ^[0m
[0m[[0m[33mwarn[0m] [0m[0m/home/bahwan/code/shopping-cart/src/main/scala/shopping/cart/StreamItemPopularityServiceImpl.scala:11:19: Unused import[0m
[0m[[0m[33mwarn[0m] [0m[0mimport scala.util.Random[0m
[0m[[0m[33mwarn[0m] [0m[0m                  ^[0m
[0m[[0m[33mwarn[0m] [0m[0m/home/bahwan/code/shopping-cart/src/main/scala/shopping/cart/StreamItemPopularityServiceImpl.scala:16:15: private val blockingJdbcExecutor in class StreamItemPopularityServiceImpl is never used[0m
[0m[[0m[33mwarn[0m] [0m[0m  private val blockingJdbcExecutor: ExecutionContext =[0m
[0m[[0m[33mwarn[0m] [0m[0m              ^[0m
[0m[[0m[33mwarn[0m] [0m[0m6 warnings found[0m
[0m[[0m[33mwarn[0m] [0m[0mCompile / run / javaOptions will be ignored, Compile / run / fork is set to false[0m
